[41342] WARNING: '!compMgr', file /Users/dmose/r/abr-gecko-dev/xpcom/glue/nsComponentManagerUtils.cpp, line 59
[41342] WARNING: '!compMgr', file /Users/dmose/r/abr-gecko-dev/xpcom/glue/nsComponentManagerUtils.cpp, line 59
[41342] WARNING: Couldn't get the user appdata directory. Crash events may not be produced.: file /Users/dmose/r/abr-gecko-dev/toolkit/crashreporter/nsExceptionHandler.cpp, line 2109
[41342] WARNING: '!compMgr', file /Users/dmose/r/abr-gecko-dev/xpcom/glue/nsComponentManagerUtils.cpp, line 59
[41342] WARNING: '!compMgr', file /Users/dmose/r/abr-gecko-dev/xpcom/glue/nsComponentManagerUtils.cpp, line 59
[41342] WARNING: Couldn't get the user appdata directory. Crash events may not be produced.: file /Users/dmose/r/abr-gecko-dev/toolkit/crashreporter/nsExceptionHandler.cpp, line 2109
System JS : WARNING resource://gre/modules/Preferences.jsm:378 - mutating the [[Prototype]] of an object will cause your code to run very slowly; instead create the object with the correct initial [[Prototype]] value using Object.create
1397513183470	Marionette	INFO	marionette enabled via build flag and pref
2014-04-14 15:06:23.496 firefox[41342:507] *** WARNING: Method userSpaceScaleFactor in class NSWindow is deprecated on 10.7 and later. It should not be used in new applications. Use convertRectToBacking: instead.
++DOCSHELL 0x10e81c400 == 1 [pid = 41342] [id = 1]
++DOMWINDOW == 1 (0x10e81e400) [pid = 41342] [serial = 1] [outer = 0x0]
++DOMWINDOW == 2 (0x10e8a4000) [pid = 41342] [serial = 2] [outer = 0x10e81e400]
1397513183540	Marionette	INFO	marionette-server.js loaded
1397513183641	Marionette	INFO	Listening on port 2828
1397513183641	Marionette	INFO	Marionette server ready
pldhash: for the table at address 0x10bae0060, the given entrySize of 168 definitely favors chaining over double hashing.
[41342] WARNING: NS_ENSURE_SUCCESS(rv, rv) failed with result 0x80520012: file /Users/dmose/r/abr-gecko-dev/netwerk/base/src/nsFileStreams.cpp, line 203
[41342] WARNING: NS_ENSURE_SUCCESS(rv, rv) failed with result 0x80520012: file /Users/dmose/r/abr-gecko-dev/netwerk/base/src/nsFileStreams.cpp, line 475
1397513183901	Marionette	INFO	marionette enabled via command-line
++DOCSHELL 0x113a29c00 == 2 [pid = 41342] [id = 2]
++DOMWINDOW == 3 (0x113a2a800) [pid = 41342] [serial = 3] [outer = 0x0]
++DOMWINDOW == 4 (0x10e818c00) [pid = 41342] [serial = 4] [outer = 0x113a2a800]
-*- Webapps.jsm : Saving /var/folders/gg/vqz2rfpn1qd443fg66dxvlgh0000gn/T/tmpVcwoJI.mozrunner/webapps/webapps.json
-*- Webapps.jsm : Saving /var/folders/gg/vqz2rfpn1qd443fg66dxvlgh0000gn/T/tmpVcwoJI.mozrunner/webapps/webapps.json
[41342] WARNING: Loaded script chrome://global/content/printUtils.js twice (bug 392650): file /Users/dmose/r/abr-gecko-dev/content/xul/document/src/nsXULPrototypeCache.cpp, line 204
[41342] WARNING: Loaded script chrome://global/content/viewZoomOverlay.js twice (bug 392650): file /Users/dmose/r/abr-gecko-dev/content/xul/document/src/nsXULPrototypeCache.cpp, line 204
[41342] WARNING: Loaded script chrome://browser/content/places/browserPlacesViews.js twice (bug 392650): file /Users/dmose/r/abr-gecko-dev/content/xul/document/src/nsXULPrototypeCache.cpp, line 204
1397513184068	Marionette	DEBUG	accepted connection on 127.0.0.1:49944
[41342] WARNING: Loaded script chrome://browser/content/browser.js twice (bug 392650): file /Users/dmose/r/abr-gecko-dev/content/xul/document/src/nsXULPrototypeCache.cpp, line 204
[41342] WARNING: Loaded script chrome://browser/content/downloads/downloads.js twice (bug 392650): file /Users/dmose/r/abr-gecko-dev/content/xul/document/src/nsXULPrototypeCache.cpp, line 204
[41342] WARNING: Loaded script chrome://browser/content/downloads/indicator.js twice (bug 392650): file /Users/dmose/r/abr-gecko-dev/content/xul/document/src/nsXULPrototypeCache.cpp, line 204
[41342] WARNING: Loaded script chrome://browser/content/customizableui/panelUI.js twice (bug 392650): file /Users/dmose/r/abr-gecko-dev/content/xul/document/src/nsXULPrototypeCache.cpp, line 204
[41342] WARNING: Loaded script chrome://global/content/viewSourceUtils.js twice (bug 392650): file /Users/dmose/r/abr-gecko-dev/content/xul/document/src/nsXULPrototypeCache.cpp, line 204
++DOCSHELL 0x1148e9000 == 3 [pid = 41342] [id = 3]
++DOMWINDOW == 5 (0x116ac3000) [pid = 41342] [serial = 5] [outer = 0x0]
++DOCSHELL 0x116ac3800 == 4 [pid = 41342] [id = 4]
++DOMWINDOW == 6 (0x116ac4000) [pid = 41342] [serial = 6] [outer = 0x0]
[41342] WARNING: NS_ENSURE_SUCCESS(rv, rv) failed with result 0x80040111: file /Users/dmose/r/abr-gecko-dev/content/base/src/nsFrameLoader.cpp, line 398
[41342] WARNING: '!fd.IsInitialized()', file /Users/dmose/r/abr-gecko-dev/netwerk/base/src/nsSocketTransport2.cpp, line 2601
[41342] WARNING: 'NS_FAILED(rv)', file /Users/dmose/r/abr-gecko-dev/netwerk/protocol/http/nsHttpConnection.cpp, line 1633
[41342] WARNING: 'NS_FAILED(rv)', file /Users/dmose/r/abr-gecko-dev/netwerk/protocol/http/nsHttpConnection.cpp, line 365
++DOCSHELL 0x11e909c00 == 5 [pid = 41342] [id = 5]
++DOMWINDOW == 7 (0x11e9a8800) [pid = 41342] [serial = 7] [outer = 0x0]
[41342] WARNING: NS_ENSURE_SUCCESS(rv, rv) failed with result 0x80040111: file /Users/dmose/r/abr-gecko-dev/content/base/src/nsFrameLoader.cpp, line 398
++DOMWINDOW == 8 (0x11ea23000) [pid = 41342] [serial = 8] [outer = 0x11e9a8800]
[41342] WARNING: NS_ENSURE_TRUE(NS_SUCCEEDED(rv) && subjPrincipal) failed: file /Users/dmose/r/abr-gecko-dev/docshell/base/nsDocShell.cpp, line 8686
************************************************************
* Call to xpconnect wrapped JSObject produced this error:  *
[Exception... "Failure"  nsresult: "0x80004005 (NS_ERROR_FAILURE)"  location: "JS frame :: file:///Users/dmose/r/abr-gecko-dev/obj-x86_64-apple-darwin13.1.0/dist/NightlyDebug.app/Contents/MacOS/browser/components/LoopService.js :: LoopService.prototype.onMessageAvailable :: line 75"  data: no]
************************************************************
[41342] WARNING: Failed to open external DTD: publicId "-//W3C//DTD SVG 1.1//EN" systemId "http://www.w3.org/Graphics/SVG/1.1/DTD/svg11.dtd" base "file:///Users/dmose/r/abr-gecko-dev/obj-x86_64-apple-darwin13.1.0/browser/themes/osx/tab-selected-start.svg" URL "resource://gre/res/dtd/svg11.dtd": file /Users/dmose/r/abr-gecko-dev/parser/htmlparser/src/nsExpatDriver.cpp, line 696
[41342] WARNING: NS_ENSURE_TRUE(mTextInputHandler) failed: file /Users/dmose/r/abr-gecko-dev/widget/cocoa/nsChildView.mm, line 5298
[41342] WARNING: Failed to open external DTD: publicId "-//W3C//DTD SVG 1.1//EN" systemId "http://www.w3.org/Graphics/SVG/1.1/DTD/svg11.dtd" base "file:///Users/dmose/r/abr-gecko-dev/obj-x86_64-apple-darwin13.1.0/browser/themes/osx/tab-selected-end.svg" URL "resource://gre/res/dtd/svg11.dtd": file /Users/dmose/r/abr-gecko-dev/parser/htmlparser/src/nsExpatDriver.cpp, line 696
[41342] WARNING: NS_ENSURE_TRUE(globalObject && globalObject->GetGlobalJSObject()) failed: file /Users/dmose/r/abr-gecko-dev/content/html/document/src/nsHTMLContentSink.cpp, line 740
[41342] WARNING: Subdocument container has no frame: file /Users/dmose/r/abr-gecko-dev/layout/base/nsDocumentViewer.cpp, line 2446
++DOMWINDOW == 9 (0x11ee65000) [pid = 41342] [serial = 9] [outer = 0x116ac3000]
[41342] WARNING: NS_ENSURE_TRUE(globalObject && globalObject->GetGlobalJSObject()) failed: file /Users/dmose/r/abr-gecko-dev/content/html/document/src/nsHTMLContentSink.cpp, line 740
[41342] WARNING: Subdocument container has no frame: file /Users/dmose/r/abr-gecko-dev/layout/base/nsDocumentViewer.cpp, line 2446
++DOMWINDOW == 10 (0x11e989800) [pid = 41342] [serial = 10] [outer = 0x116ac4000]
++DOMWINDOW == 11 (0x11e98b800) [pid = 41342] [serial = 11] [outer = 0x11e9a8800]
OpenGL version detected: 210
OpenGL vendor: NVIDIA Corporation
OpenGL renderer: NVIDIA GeForce GT 650M OpenGL Engine
OpenGL version detected: 210
OpenGL vendor: NVIDIA Corporation
OpenGL renderer: NVIDIA GeForce GT 650M OpenGL Engine
[41342] WARNING: NS_ENSURE_TRUE(mTextInputHandler) failed: file /Users/dmose/r/abr-gecko-dev/widget/cocoa/nsChildView.mm, line 5298
1397513189073	Marionette	DEBUG	accepted connection on 127.0.0.1:49953
++DOCSHELL 0x1244f2400 == 6 [pid = 41342] [id = 6]
++DOMWINDOW == 12 (0x1244f2c00) [pid = 41342] [serial = 12] [outer = 0x0]
++DOMWINDOW == 13 (0x1244f6800) [pid = 41342] [serial = 13] [outer = 0x1244f2c00]
[41342] WARNING: NS_ENSURE_TRUE(mMutable) failed: file /Users/dmose/r/abr-gecko-dev/netwerk/base/src/nsSimpleURI.cpp, line 265
++DOMWINDOW == 14 (0x1165b0400) [pid = 41342] [serial = 14] [outer = 0x1244f2c00]
1397513189178	Marionette	INFO	loaded marionette-listener.js
1397513189189	Marionette	INFO	loaded marionette-listener.js
1397513189199	Marionette	INFO	loaded marionette-listener.js
1397513189199	Marionette	INFO	sendToClient: {"from":"0","value":{"browserName":"Firefox","browserVersion":"31.0a1","platformName":"DARWIN","platformVersion":"31.0a1","cssSelectorsEnabled":true,"handlesAlerts":false,"javascriptEnabled":true,"nativeEvents":false,"rotatable":false,"secureSsl":false,"takesElementScreenshot":true,"takesScreenshot":true,"platform":"DARWIN","XULappId":"{ec8030f7-c20a-464f-9b0e-13a3a9e97384}","appBuildId":"20140414145327","device":"desktop","version":"31.0a1"}}, {2a3ba22a-a837-ee41-acc4-c3a99424057a}, {2a3ba22a-a837-ee41-acc4-c3a99424057a}
1397513189212	Marionette	INFO	sendToClient: {"from":"0","value":{"browserName":"Firefox","browserVersion":"31.0a1","platformName":"DARWIN","platformVersion":"31.0a1","cssSelectorsEnabled":true,"handlesAlerts":false,"javascriptEnabled":true,"nativeEvents":false,"rotatable":false,"secureSsl":false,"takesElementScreenshot":true,"takesScreenshot":true,"platform":"DARWIN","XULappId":"{ec8030f7-c20a-464f-9b0e-13a3a9e97384}","appBuildId":"20140414145327","device":"desktop","version":"31.0a1"}}, {9c81b172-5807-4b4c-8ff9-8510ee83c53e}, {9c81b172-5807-4b4c-8ff9-8510ee83c53e}
[41342] WARNING: NS_ENSURE_TRUE(mMutable) failed: file /Users/dmose/r/abr-gecko-dev/netwerk/base/src/nsSimpleURI.cpp, line 265
1397513189239	Marionette	INFO	sendToClient: {"from":"0","ok":true}, {57685f67-041a-8349-a9ae-6eec7ad4190b}, {57685f67-041a-8349-a9ae-6eec7ad4190b}
1397513189326	Marionette	DEBUG	accepted connection on 127.0.0.1:49955
++DOCSHELL 0x10dc1cc00 == 7 [pid = 41342] [id = 7]
++DOMWINDOW == 15 (0x114c6d800) [pid = 41342] [serial = 15] [outer = 0x0]
++DOMWINDOW == 16 (0x124968c00) [pid = 41342] [serial = 16] [outer = 0x114c6d800]
[41342] WARNING: NS_ENSURE_TRUE(mMutable) failed: file /Users/dmose/r/abr-gecko-dev/netwerk/base/src/nsSimpleURI.cpp, line 265
++DOMWINDOW == 17 (0x124965c00) [pid = 41342] [serial = 17] [outer = 0x114c6d800]
1397513189388	Marionette	INFO	loaded marionette-listener.js
1397513189396	Marionette	INFO	loaded marionette-listener.js
1397513189405	Marionette	INFO	loaded marionette-listener.js
1397513189406	Marionette	INFO	sendToClient: {"from":"0","value":{"browserName":"Firefox","browserVersion":"31.0a1","platformName":"DARWIN","platformVersion":"31.0a1","cssSelectorsEnabled":true,"handlesAlerts":false,"javascriptEnabled":true,"nativeEvents":false,"rotatable":false,"secureSsl":false,"takesElementScreenshot":true,"takesScreenshot":true,"platform":"DARWIN","XULappId":"{ec8030f7-c20a-464f-9b0e-13a3a9e97384}","appBuildId":"20140414145327","device":"desktop","version":"31.0a1"}}, {ca8fe22c-d200-cc46-8c07-c0a801cc37c4}, {ca8fe22c-d200-cc46-8c07-c0a801cc37c4}
1397513189414	Marionette	INFO	sendToClient: {"from":"0","ok":true}, {a8f72457-7a93-0749-9023-a75f0759693c}, {a8f72457-7a93-0749-9023-a75f0759693c}
1397513189418	Marionette	DEBUG	Got request: setTestName, data: {"to":"0","sessionId":{"rotatable":false,"browserVersion":"31.0a1","takesScreenshot":true,"appBuildId":"20140414145327","cssSelectorsEnabled":true,"javascriptEnabled":true,"XULappId":"{ec8030f7-c20a-464f-9b0e-13a3a9e97384}","secureSsl":false,"platform":"DARWIN","browserName":"Firefox","version":"31.0a1","device":"desktop","nativeEvents":false,"platformVersion":"31.0a1","takesElementScreenshot":true,"platformName":"DARWIN","handlesAlerts":false},"name":"setTestName","parameters":{"value":"test_shared_all.py TestSharedUnits.test_units"}}, id: {facc6eff-c55e-8147-a8bd-383db6076d84}
1397513189418	Marionette	INFO	sendToClient: {"from":"0","ok":true}, {facc6eff-c55e-8147-a8bd-383db6076d84}, {facc6eff-c55e-8147-a8bd-383db6076d84}
1397513189423	Marionette	DEBUG	Got request: execute, data: {"to":"0","sessionId":{"rotatable":false,"browserVersion":"31.0a1","takesScreenshot":true,"appBuildId":"20140414145327","cssSelectorsEnabled":true,"javascriptEnabled":true,"XULappId":"{ec8030f7-c20a-464f-9b0e-13a3a9e97384}","secureSsl":false,"platform":"DARWIN","browserName":"Firefox","version":"31.0a1","device":"desktop","nativeEvents":false,"platformVersion":"31.0a1","takesElementScreenshot":true,"platformName":"DARWIN","handlesAlerts":false},"name":"executeScript","parameters":{"scriptTimeout":null,"specialPowers":false,"script":"log('TEST-START: /Users/dmose/r/abr-gecko-dev/browser/components/loop/test/shared/test_shared_all.py:test_units')","newSandbox":true,"args":[],"filename":"marionette_test.py","line":335}}, id: {0562cbe9-e94a-f547-af36-9e9fc8cf973c}
MARIONETTE LOG: INFO: TEST-START: /Users/dmose/r/abr-gecko-dev/browser/components/loop/test/shared/test_shared_all.py:test_units
1397513189426	Marionette	INFO	sendToClient: {"from":"0","value":null}, {0562cbe9-e94a-f547-af36-9e9fc8cf973c}, {0562cbe9-e94a-f547-af36-9e9fc8cf973c}
[41342] WARNING: NS_ENSURE_TRUE(window) failed: file /Users/dmose/r/abr-gecko-dev/dom/base/nsLocation.cpp, line 45
[41342] WARNING: Could not get disk status from nsIDiskSpaceWatcher: file /Users/dmose/r/abr-gecko-dev/uriloader/prefetch/nsOfflineCacheUpdateService.cpp, line 327
++DOMWINDOW == 18 (0x124fdc800) [pid = 41342] [serial = 18] [outer = 0x114c6d800]
JavaScript warning: , line 0: http://localhost:2222/browser/components/loop/content/shared/libs/backbone-1.1.2.js is being assigned a //# sourceMappingURL, but already has one
JavaScript warning: http://localhost:2222/browser/components/loop/test/shared/vendor/chai-1.9.0.js, line 3483: mutating the [[Prototype]] of an object will cause your code to run very slowly; instead create the object with the correct initial [[Prototype]] value using Object.create
[41342] WARNING: NS_ENSURE_TRUE(currentURI) failed: file /Users/dmose/r/abr-gecko-dev/content/base/src/ThirdPartyUtil.cpp, line 96
[41342] WARNING: NS_ENSURE_SUCCESS(rv, BadImage(newImage)) failed with result 0x80540006: file /Users/dmose/r/abr-gecko-dev/image/src/ImageFactory.cpp, line 215
1397513190062	Marionette	INFO	sendToClient: {"from":"0","ok":true}, {94732489-e37b-1446-b800-5ddb75f0e828}, {94732489-e37b-1446-b800-5ddb75f0e828}
++DOCSHELL 0x123a11c00 == 8 [pid = 41342] [id = 8]
++DOMWINDOW == 19 (0x129316000) [pid = 41342] [serial = 19] [outer = 0x0]
[41342] WARNING: NS_ENSURE_TRUE(imageSize.width > 0 && imageSize.height > 0) failed: file /Users/dmose/r/abr-gecko-dev/layout/base/nsLayoutUtils.cpp, line 4784
[41342] WARNING: NS_ENSURE_TRUE(globalObject && globalObject->GetGlobalJSObject()) failed: file /Users/dmose/r/abr-gecko-dev/content/html/document/src/nsHTMLContentSink.cpp, line 740
++DOMWINDOW == 20 (0x129317800) [pid = 41342] [serial = 20] [outer = 0x129316000]
[41342] WARNING: NS_ENSURE_TRUE(window) failed: file /Users/dmose/r/abr-gecko-dev/dom/base/nsLocation.cpp, line 45
++DOMWINDOW == 21 (0x129317c00) [pid = 41342] [serial = 21] [outer = 0x129316000]
1397513190091	Marionette	INFO	sendToClient: {"from":"0","value":{"ELEMENT":"{20212988-abb2-5b49-ac62-73ceb8d02329}"}}, {719b79a8-fbbd-5047-bb03-69469f22b16a}, {719b79a8-fbbd-5047-bb03-69469f22b16a}
++DOCSHELL 0x129317400 == 9 [pid = 41342] [id = 9]
++DOMWINDOW == 22 (0x129318c00) [pid = 41342] [serial = 22] [outer = 0x0]
++DOMWINDOW == 23 (0x129373000) [pid = 41342] [serial = 23] [outer = 0x129318c00]
++DOMWINDOW == 24 (0x1293eb400) [pid = 41342] [serial = 24] [outer = 0x129318c00]
1397513190124	Marionette	INFO	sendToClient: {"from":"0","value":{"ELEMENT":"{0d6849d5-cc5a-5843-96da-29e316789ccd}"}}, {11268145-f3ce-8e40-92c7-b0a2dc6fe3c7}, {11268145-f3ce-8e40-92c7-b0a2dc6fe3c7}
1397513190154	Marionette	INFO	sendToClient: {"from":"0","value":"0"}, {c148f1dd-a793-2d46-898c-c18b9046e1eb}, {c148f1dd-a793-2d46-898c-c18b9046e1eb}
[41342] WARNING: NS_ENSURE_SUCCESS(rv, rv) failed with result 0x80520012: file /Users/dmose/r/abr-gecko-dev/netwerk/base/src/nsFileStreams.cpp, line 203
[41342] WARNING: NS_ENSURE_SUCCESS(rv, rv) failed with result 0x80520012: file /Users/dmose/r/abr-gecko-dev/netwerk/base/src/nsFileStreams.cpp, line 475
1397513190171	Marionette	DEBUG	Got request: setContext, data: {"to":"0","sessionId":{"rotatable":false,"browserVersion":"31.0a1","takesScreenshot":true,"appBuildId":"20140414145327","cssSelectorsEnabled":true,"javascriptEnabled":true,"XULappId":"{ec8030f7-c20a-464f-9b0e-13a3a9e97384}","secureSsl":false,"platform":"DARWIN","browserName":"Firefox","version":"31.0a1","device":"desktop","nativeEvents":false,"platformVersion":"31.0a1","takesElementScreenshot":true,"platformName":"DARWIN","handlesAlerts":false},"name":"setContext","parameters":{"value":"content"}}, id: {d352333f-13ec-ca4e-8312-80d3ecc6076e}
1397513190171	Marionette	INFO	sendToClient: {"from":"0","ok":true}, {d352333f-13ec-ca4e-8312-80d3ecc6076e}, {d352333f-13ec-ca4e-8312-80d3ecc6076e}
1397513190173	Marionette	DEBUG	Got request: execute, data: {"to":"0","sessionId":{"rotatable":false,"browserVersion":"31.0a1","takesScreenshot":true,"appBuildId":"20140414145327","cssSelectorsEnabled":true,"javascriptEnabled":true,"XULappId":"{ec8030f7-c20a-464f-9b0e-13a3a9e97384}","secureSsl":false,"platform":"DARWIN","browserName":"Firefox","version":"31.0a1","device":"desktop","nativeEvents":false,"platformVersion":"31.0a1","takesElementScreenshot":true,"platformName":"DARWIN","handlesAlerts":false},"name":"executeScript","parameters":{"scriptTimeout":null,"specialPowers":false,"script":"log('TEST-END: /Users/dmose/r/abr-gecko-dev/browser/components/loop/test/shared/test_shared_all.py:test_units')","newSandbox":true,"args":[],"filename":"marionette_test.py","line":341}}, id: {6bfed77a-da61-ff4b-976e-01306eef954a}
MARIONETTE LOG: INFO: TEST-END: /Users/dmose/r/abr-gecko-dev/browser/components/loop/test/shared/test_shared_all.py:test_units
1397513190175	Marionette	INFO	sendToClient: {"from":"0","value":null}, {6bfed77a-da61-ff4b-976e-01306eef954a}, {6bfed77a-da61-ff4b-976e-01306eef954a}
1397513190176	Marionette	DEBUG	Got request: setTestName, data: {"to":"0","sessionId":{"rotatable":false,"browserVersion":"31.0a1","takesScreenshot":true,"appBuildId":"20140414145327","cssSelectorsEnabled":true,"javascriptEnabled":true,"XULappId":"{ec8030f7-c20a-464f-9b0e-13a3a9e97384}","secureSsl":false,"platform":"DARWIN","browserName":"Firefox","version":"31.0a1","device":"desktop","nativeEvents":false,"platformVersion":"31.0a1","takesElementScreenshot":true,"platformName":"DARWIN","handlesAlerts":false},"name":"setTestName","parameters":{"value":null}}, id: {8166ff85-4cbc-e344-9516-5ef7e06d7ff7}
1397513190177	Marionette	INFO	sendToClient: {"from":"0","ok":true}, {8166ff85-4cbc-e344-9516-5ef7e06d7ff7}, {8166ff85-4cbc-e344-9516-5ef7e06d7ff7}
1397513190177	Marionette	INFO	sendToClient: {"from":"0","value":[["INFO","TEST-START: /Users/dmose/r/abr-gecko-dev/browser/components/loop/test/shared/test_shared_all.py:test_units","Mon Apr 14 2014 15:06:29 GMT-0700 (PDT)"],["INFO","TEST-END: /Users/dmose/r/abr-gecko-dev/browser/components/loop/test/shared/test_shared_all.py:test_units","Mon Apr 14 2014 15:06:30 GMT-0700 (PDT)"]]}, {f68bf454-61a3-4b4b-a3e8-a70c2a2d6d04}, {f68bf454-61a3-4b4b-a3e8-a70c2a2d6d04}
[41342] WARNING: NS_ENSURE_TRUE(mMutable) failed: file /Users/dmose/r/abr-gecko-dev/netwerk/base/src/nsSimpleURI.cpp, line 265
1397513190201	Marionette	INFO	sendToClient: {"from":"0","ok":true}, {117bcb00-819d-8841-aad6-f8969d9a44b8}, {117bcb00-819d-8841-aad6-f8969d9a44b8}
1397513190580	Marionette	DEBUG	accepted connection on 127.0.0.1:49977
++DOCSHELL 0x1149bc800 == 10 [pid = 41342] [id = 10]
++DOMWINDOW == 25 (0x1149c0000) [pid = 41342] [serial = 25] [outer = 0x0]
++DOMWINDOW == 26 (0x124161400) [pid = 41342] [serial = 26] [outer = 0x1149c0000]
[41342] WARNING: NS_ENSURE_TRUE(mMutable) failed: file /Users/dmose/r/abr-gecko-dev/netwerk/base/src/nsSimpleURI.cpp, line 265
++DOMWINDOW == 27 (0x1249cf800) [pid = 41342] [serial = 27] [outer = 0x1149c0000]
1397513190644	Marionette	INFO	loaded marionette-listener.js
1397513190653	Marionette	INFO	loaded marionette-listener.js
1397513190662	Marionette	INFO	loaded marionette-listener.js
1397513190663	Marionette	INFO	sendToClient: {"from":"0","value":{"browserName":"Firefox","browserVersion":"31.0a1","platformName":"DARWIN","platformVersion":"31.0a1","cssSelectorsEnabled":true,"handlesAlerts":false,"javascriptEnabled":true,"nativeEvents":false,"rotatable":false,"secureSsl":false,"takesElementScreenshot":true,"takesScreenshot":true,"platform":"DARWIN","XULappId":"{ec8030f7-c20a-464f-9b0e-13a3a9e97384}","appBuildId":"20140414145327","device":"desktop","version":"31.0a1"}}, {96f4c1a0-f6b0-394d-a01c-75c0b444d2b6}, {96f4c1a0-f6b0-394d-a01c-75c0b444d2b6}
1397513190674	Marionette	INFO	sendToClient: {"from":"0","ok":true}, {a3509347-d65e-bc43-b484-38552806d982}, {a3509347-d65e-bc43-b484-38552806d982}
1397513190675	Marionette	DEBUG	Got request: setTestName, data: {"to":"0","sessionId":{"rotatable":false,"browserVersion":"31.0a1","takesScreenshot":true,"appBuildId":"20140414145327","cssSelectorsEnabled":true,"javascriptEnabled":true,"XULappId":"{ec8030f7-c20a-464f-9b0e-13a3a9e97384}","secureSsl":false,"platform":"DARWIN","browserName":"Firefox","version":"31.0a1","device":"desktop","nativeEvents":false,"platformVersion":"31.0a1","takesElementScreenshot":true,"platformName":"DARWIN","handlesAlerts":false},"name":"setTestName","parameters":{"value":"test_desktop_all.py TestDesktopUnits.test_units"}}, id: {3a7c553b-0e1d-7841-b25b-e8e9ee7e91f2}
1397513190675	Marionette	INFO	sendToClient: {"from":"0","ok":true}, {3a7c553b-0e1d-7841-b25b-e8e9ee7e91f2}, {3a7c553b-0e1d-7841-b25b-e8e9ee7e91f2}
1397513190677	Marionette	DEBUG	Got request: execute, data: {"to":"0","sessionId":{"rotatable":false,"browserVersion":"31.0a1","takesScreenshot":true,"appBuildId":"20140414145327","cssSelectorsEnabled":true,"javascriptEnabled":true,"XULappId":"{ec8030f7-c20a-464f-9b0e-13a3a9e97384}","secureSsl":false,"platform":"DARWIN","browserName":"Firefox","version":"31.0a1","device":"desktop","nativeEvents":false,"platformVersion":"31.0a1","takesElementScreenshot":true,"platformName":"DARWIN","handlesAlerts":false},"name":"executeScript","parameters":{"scriptTimeout":null,"specialPowers":false,"script":"log('TEST-START: /Users/dmose/r/abr-gecko-dev/browser/components/loop/test/desktop-local/test_desktop_all.py:test_units')","newSandbox":true,"args":[],"filename":"marionette_test.py","line":335}}, id: {e24f6656-5526-be4e-a3f7-c40e812f30a4}
MARIONETTE LOG: INFO: TEST-START: /Users/dmose/r/abr-gecko-dev/browser/components/loop/test/desktop-local/test_desktop_all.py:test_units
1397513190679	Marionette	INFO	sendToClient: {"from":"0","value":null}, {e24f6656-5526-be4e-a3f7-c40e812f30a4}, {e24f6656-5526-be4e-a3f7-c40e812f30a4}
[41342] WARNING: NS_ENSURE_TRUE(window) failed: file /Users/dmose/r/abr-gecko-dev/dom/base/nsLocation.cpp, line 45
++DOMWINDOW == 28 (0x11659e800) [pid = 41342] [serial = 28] [outer = 0x1149c0000]
JavaScript warning: , line 0: http://localhost:2222/browser/components/loop/content/shared/libs/backbone-1.1.2.js is being assigned a //# sourceMappingURL, but already has one
JavaScript warning: http://localhost:2222/browser/components/loop/test/shared/vendor/chai-1.9.0.js, line 3483: mutating the [[Prototype]] of an object will cause your code to run very slowly; instead create the object with the correct initial [[Prototype]] value using Object.create
JavaScript error: http://localhost:2222/browser/components/loop/content/libs/l10n.js, line 83: navigator.mozSocial.getLocale is not a function
[41342] WARNING: NS_ENSURE_SUCCESS(rv, rv) failed with result 0x80040111: file /Users/dmose/r/abr-gecko-dev/content/base/src/nsCrossSiteListenerProxy.cpp, line 569
1397513191078	Marionette	INFO	sendToClient: {"from":"0","ok":true}, {687eaa12-b5ea-d34d-b000-896c4c3add21}, {687eaa12-b5ea-d34d-b000-896c4c3add21}
1397513191080	Marionette	INFO	sendToClient: {"from":"0","value":{"ELEMENT":"{5aeb27ee-a888-d948-939d-fd7f0226ff45}"}}, {581e716f-d185-c24f-9910-3a6499cc8543}, {581e716f-d185-c24f-9910-3a6499cc8543}
1397513191081	Marionette	INFO	sendToClient: {"from":"0","value":{"ELEMENT":"{cbf61628-648a-424a-8e06-23f9fe901e7f}"}}, {e249defa-53b7-ea4b-b7e9-680172fa6eb7}, {e249defa-53b7-ea4b-b7e9-680172fa6eb7}
1397513191086	Marionette	INFO	sendToClient: {"from":"0","value":"10"}, {b420305a-89f9-fc4c-9dc6-bbe4fcf81689}, {b420305a-89f9-fc4c-9dc6-bbe4fcf81689}
1397513191088	Marionette	INFO	sendToClient: {"from":"0","value":["{e4efacd3-0742-5a4e-b9c1-fc514ac8bf71}","{4775f0c9-2da6-cb44-a7f1-c07430d115aa}","{f3aeaa17-d568-de45-954e-2bcee4b4ce18}","{0b852ad1-b331-bd4b-97a6-0d0d8b7f7875}","{20ad3b08-3330-d54f-a8d3-01b8dba1823b}","{909b52ff-6bde-4144-b695-ff2388a3862f}","{6092bf40-09d5-4542-afcd-5051e1f1e57c}","{1bc29461-1739-2147-ac25-72861a708ca2}","{d705ee86-fe99-4e4f-8bd9-b268b9745e70}","{9461f953-d54c-ad4f-a904-7e20a1350e69}"]}, {006f2aaf-e5c3-3b49-802f-ed6e1f38492f}, {006f2aaf-e5c3-3b49-802f-ed6e1f38492f}
1397513191090	Marionette	INFO	sendToClient: {"from":"0","value":{"ELEMENT":"{873f84f6-6270-a344-805f-ecb679733145}"}}, {428846c9-282e-c948-82cc-0afa8ade8804}, {428846c9-282e-c948-82cc-0afa8ade8804}
1397513191097	Marionette	INFO	sendToClient: {"from":"0","value":"should not load the ConversationView if session is not set\n‣"}, {76932820-c95e-d34a-8f92-2061f71c2a47}, {76932820-c95e-d34a-8f92-2061f71c2a47}
1397513191098	Marionette	INFO	sendToClient: {"from":"0","value":{"ELEMENT":"{f3710541-9cbb-b048-9e97-d3d34fab76fc}"}}, {bee0be64-e90e-d346-83c4-71b235dbde87}, {bee0be64-e90e-d346-83c4-71b235dbde87}
1397513191103	Marionette	INFO	sendToClient: {"from":"0","value":"navigator.mozSocial.getStrings is not a function\ngetL10nData@http://localhost:2222/browser/components/loop/content/libs/l10n.js:13:1\ntranslateString@http://localhost:2222/browser/components/loop/content/libs/l10n.js:32:1\nloop.conversation</ConversationRouter<.conversation@http://localhost:2222/browser/components/loop/content/js/conversation.js:134:9\n@http://localhost:2222/browser/components/loop/test/desktop-local/conversation_test.js:100:13\nRunnable.prototype.run@http://localhost:2222/browser/components/loop/test/shared/vendor/mocha-1.17.1.js:4336:24\nRunner.prototype.runTest@http://localhost:2222/browser/components/loop/test/shared/vendor/mocha-1.17.1.js:4724:5\nnext/<@http://localhost:2222/browser/components/loop/test/shared/vendor/mocha-1.17.1.js:4802:7\nnext@http://localhost:2222/browser/components/loop/test/shared/vendor/mocha-1.17.1.js:4649:7\nnext/<@http://localhost:2222/browser/components/loop/test/shared/vendor/mocha-1.17.1.js:4659:7\nnext@http://localhost:2222/browser/components/loop/test/shared/vendor/mocha-1.17.1.js:4597:16\nRunner.prototype.hook/<@http://localhost:2222/browser/components/loop/test/shared/vendor/mocha-1.17.1.js:4626:5\ntimeslice@http://localhost:2222/browser/components/loop/test/shared/vendor/mocha-1.17.1.js:5733:5"}, {656eed37-5054-3f4d-8e5c-ad2364b33a0a}, {656eed37-5054-3f4d-8e5c-ad2364b33a0a}
1397513191104	Marionette	INFO	sendToClient: {"from":"0","value":{"ELEMENT":"{4c44bd00-ae1b-9942-ae94-60725972e6e2}"}}, {b27d7043-d945-9447-81b7-583e4decb8e0}, {b27d7043-d945-9447-81b7-583e4decb8e0}
1397513191111	Marionette	INFO	sendToClient: {"from":"0","value":"should notify the user when session is not set\n‣"}, {c502209a-d265-9d49-80db-b01551f489d1}, {c502209a-d265-9d49-80db-b01551f489d1}
1397513191112	Marionette	INFO	sendToClient: {"from":"0","value":{"ELEMENT":"{b3a13dcc-5fab-d74a-837b-b1c7f9813ca1}"}}, {ccc5ee37-30be-5f42-88d1-46d5bc466159}, {ccc5ee37-30be-5f42-88d1-46d5bc466159}
1397513191116	Marionette	INFO	sendToClient: {"from":"0","value":"navigator.mozSocial.getStrings is not a function\ngetL10nData@http://localhost:2222/browser/components/loop/content/libs/l10n.js:13:1\ntranslateString@http://localhost:2222/browser/components/loop/content/libs/l10n.js:32:1\nloop.conversation</ConversationRouter<.conversation@http://localhost:2222/browser/components/loop/content/js/conversation.js:134:9\n@http://localhost:2222/browser/components/loop/test/desktop-local/conversation_test.js:107:13\nRunnable.prototype.run@http://localhost:2222/browser/components/loop/test/shared/vendor/mocha-1.17.1.js:4336:24\nRunner.prototype.runTest@http://localhost:2222/browser/components/loop/test/shared/vendor/mocha-1.17.1.js:4724:5\nnext/<@http://localhost:2222/browser/components/loop/test/shared/vendor/mocha-1.17.1.js:4802:7\nnext@http://localhost:2222/browser/components/loop/test/shared/vendor/mocha-1.17.1.js:4649:7\nnext/<@http://localhost:2222/browser/components/loop/test/shared/vendor/mocha-1.17.1.js:4659:7\nnext@http://localhost:2222/browser/components/loop/test/shared/vendor/mocha-1.17.1.js:4597:16\nRunner.prototype.hook/<@http://localhost:2222/browser/components/loop/test/shared/vendor/mocha-1.17.1.js:4626:5\ntimeslice@http://localhost:2222/browser/components/loop/test/shared/vendor/mocha-1.17.1.js:5733:5"}, {d2aa29f5-2601-d341-9a3a-9822b5307c5c}, {d2aa29f5-2601-d341-9a3a-9822b5307c5c}
1397513191118	Marionette	INFO	sendToClient: {"from":"0","value":{"ELEMENT":"{3b0abe8d-a0ab-b541-9c58-708d32cc3ac1}"}}, {9a536eab-ce84-eb45-a166-2bb944e4e335}, {9a536eab-ce84-eb45-a166-2bb944e4e335}
1397513191123	Marionette	INFO	sendToClient: {"from":"0","value":"should warn the user when peer hangs up\n‣"}, {9424c5a4-22ab-b148-979f-61f285687249}, {9424c5a4-22ab-b148-979f-61f285687249}
1397513191125	Marionette	INFO	sendToClient: {"from":"0","value":{"ELEMENT":"{7643ed19-3c6d-ff4a-b360-ef38ed71cb3f}"}}, {d3fb18cd-758c-7d4f-afd2-8dde2e1a1e91}, {d3fb18cd-758c-7d4f-afd2-8dde2e1a1e91}
1397513191131	Marionette	INFO	sendToClient: {"from":"0","value":"navigator.mozSocial.getStrings is not a function\ngetL10nData@http://localhost:2222/browser/components/loop/content/libs/l10n.js:13:1\ntranslateString@http://localhost:2222/browser/components/loop/content/libs/l10n.js:32:1\nloop.conversation</ConversationRouter<._onPeerHung@http://localhost:2222/browser/components/loop/content/js/conversation.js:96:7\nf@http://localhost:2222/browser/components/loop/content/shared/libs/backbone-1.1.2.js:8:2106\ne.Events.trigger@http://localhost:2222/browser/components/loop/content/shared/libs/backbone-1.1.2.js:8:1452\n@http://localhost:2222/browser/components/loop/test/desktop-local/conversation_test.js:161:9\nRunnable.prototype.run@http://localhost:2222/browser/components/loop/test/shared/vendor/mocha-1.17.1.js:4336:24\nRunner.prototype.runTest@http://localhost:2222/browser/components/loop/test/shared/vendor/mocha-1.17.1.js:4724:5\nnext/<@http://localhost:2222/browser/components/loop/test/shared/vendor/mocha-1.17.1.js:4802:7\nnext@http://localhost:2222/browser/components/loop/test/shared/vendor/mocha-1.17.1.js:4649:7\nnext/<@http://localhost:2222/browser/components/loop/test/shared/vendor/mocha-1.17.1.js:4659:7\nnext@http://localhost:2222/browser/components/loop/test/shared/vendor/mocha-1.17.1.js:4597:16\nnext/<@http://localhost:2222/browser/components/loop/test/shared/vendor/mocha-1.17.1.js:4621:7\nRunnable.prototype.run@http://localhost:2222/browser/components/loop/test/shared/vendor/mocha-1.17.1.js:4338:5\nnext@http://localhost:2222/browser/components/loop/test/shared/vendor/mocha-1.17.1.js:4609:5\nRunner.prototype.hook/<@http://localhost:2222/browser/components/loop/test/shared/vendor/mocha-1.17.1.js:4626:5\ntimeslice@http://localhost:2222/browser/components/loop/test/shared/vendor/mocha-1.17.1.js:5733:5"}, {51d3a1e6-f629-3343-85f6-a8b005bc4783}, {51d3a1e6-f629-3343-85f6-a8b005bc4783}
1397513191133	Marionette	INFO	sendToClient: {"from":"0","value":{"ELEMENT":"{19a674d9-dfe7-1d4d-ba69-d9f50f6b9053}"}}, {665bd81f-5d9f-1549-8c47-863897fdbd8b}, {665bd81f-5d9f-1549-8c47-863897fdbd8b}
1397513191139	Marionette	INFO	sendToClient: {"from":"0","value":"should navigate to call/ended when peer hangs up\n‣"}, {a3ede2d6-a5a7-3040-9d50-1925f0259e2b}, {a3ede2d6-a5a7-3040-9d50-1925f0259e2b}
1397513191140	Marionette	INFO	sendToClient: {"from":"0","value":{"ELEMENT":"{cbba8424-0cdb-1a4b-a41a-3a5896fc1cfb}"}}, {16a62ed0-5544-c64b-8ac5-6bd062ba08e5}, {16a62ed0-5544-c64b-8ac5-6bd062ba08e5}
1397513191144	Marionette	INFO	sendToClient: {"from":"0","value":"navigator.mozSocial.getStrings is not a function\ngetL10nData@http://localhost:2222/browser/components/loop/content/libs/l10n.js:13:1\ntranslateString@http://localhost:2222/browser/components/loop/content/libs/l10n.js:32:1\nloop.conversation</ConversationRouter<._onPeerHung@http://localhost:2222/browser/components/loop/content/js/conversation.js:96:7\nf@http://localhost:2222/browser/components/loop/content/shared/libs/backbone-1.1.2.js:8:2106\ne.Events.trigger@http://localhost:2222/browser/components/loop/content/shared/libs/backbone-1.1.2.js:8:1452\n@http://localhost:2222/browser/components/loop/test/desktop-local/conversation_test.js:167:9\nRunnable.prototype.run@http://localhost:2222/browser/components/loop/test/shared/vendor/mocha-1.17.1.js:4336:24\nRunner.prototype.runTest@http://localhost:2222/browser/components/loop/test/shared/vendor/mocha-1.17.1.js:4724:5\nnext/<@http://localhost:2222/browser/components/loop/test/shared/vendor/mocha-1.17.1.js:4802:7\nnext@http://localhost:2222/browser/components/loop/test/shared/vendor/mocha-1.17.1.js:4649:7\nnext/<@http://localhost:2222/browser/components/loop/test/shared/vendor/mocha-1.17.1.js:4659:7\nnext@http://localhost:2222/browser/components/loop/test/shared/vendor/mocha-1.17.1.js:4597:16\nnext/<@http://localhost:2222/browser/components/loop/test/shared/vendor/mocha-1.17.1.js:4621:7\nRunnable.prototype.run@http://localhost:2222/browser/components/loop/test/shared/vendor/mocha-1.17.1.js:4338:5\nnext@http://localhost:2222/browser/components/loop/test/shared/vendor/mocha-1.17.1.js:4609:5\nRunner.prototype.hook/<@http://localhost:2222/browser/components/loop/test/shared/vendor/mocha-1.17.1.js:4626:5\ntimeslice@http://localhost:2222/browser/components/loop/test/shared/vendor/mocha-1.17.1.js:5733:5"}, {13ad04a7-86bb-7046-a3a9-31518b50d3c2}, {13ad04a7-86bb-7046-a3a9-31518b50d3c2}
1397513191146	Marionette	INFO	sendToClient: {"from":"0","value":{"ELEMENT":"{2938bc97-8807-bd43-a0bf-1790def489f6}"}}, {3a4d6d31-6a9a-4147-b8ee-d4237485bb95}, {3a4d6d31-6a9a-4147-b8ee-d4237485bb95}
1397513191151	Marionette	INFO	sendToClient: {"from":"0","value":"should warn the user when network disconnects\n‣"}, {ef0c2936-bf03-2f4f-9290-3319fbdc29b3}, {ef0c2936-bf03-2f4f-9290-3319fbdc29b3}
1397513191153	Marionette	INFO	sendToClient: {"from":"0","value":{"ELEMENT":"{7c26cc18-ab52-2e4d-b637-e48c0d837d96}"}}, {f316350d-02bf-0549-9605-d2a9f853b7de}, {f316350d-02bf-0549-9605-d2a9f853b7de}
1397513191157	Marionette	INFO	sendToClient: {"from":"0","value":"navigator.mozSocial.getStrings is not a function\ngetL10nData@http://localhost:2222/browser/components/loop/content/libs/l10n.js:13:1\ntranslateString@http://localhost:2222/browser/components/loop/content/libs/l10n.js:32:1\nloop.conversation</ConversationRouter<._onNetworkDisconnected@http://localhost:2222/browser/components/loop/content/js/conversation.js:105:7\nf@http://localhost:2222/browser/components/loop/content/shared/libs/backbone-1.1.2.js:8:2106\ne.Events.trigger@http://localhost:2222/browser/components/loop/content/shared/libs/backbone-1.1.2.js:8:1452\n@http://localhost:2222/browser/components/loop/test/desktop-local/conversation_test.js:174:9\nRunnable.prototype.run@http://localhost:2222/browser/components/loop/test/shared/vendor/mocha-1.17.1.js:4336:24\nRunner.prototype.runTest@http://localhost:2222/browser/components/loop/test/shared/vendor/mocha-1.17.1.js:4724:5\nnext/<@http://localhost:2222/browser/components/loop/test/shared/vendor/mocha-1.17.1.js:4802:7\nnext@http://localhost:2222/browser/components/loop/test/shared/vendor/mocha-1.17.1.js:4649:7\nnext/<@http://localhost:2222/browser/components/loop/test/shared/vendor/mocha-1.17.1.js:4659:7\nnext@http://localhost:2222/browser/components/loop/test/shared/vendor/mocha-1.17.1.js:4597:16\nnext/<@http://localhost:2222/browser/components/loop/test/shared/vendor/mocha-1.17.1.js:4621:7\nRunnable.prototype.run@http://localhost:2222/browser/components/loop/test/shared/vendor/mocha-1.17.1.js:4338:5\nnext@http://localhost:2222/browser/components/loop/test/shared/vendor/mocha-1.17.1.js:4609:5\nRunner.prototype.hook/<@http://localhost:2222/browser/components/loop/test/shared/vendor/mocha-1.17.1.js:4626:5\ntimeslice@http://localhost:2222/browser/components/loop/test/shared/vendor/mocha-1.17.1.js:5733:5"}, {f0e7ea6c-02bf-494d-83b5-ae479050d180}, {f0e7ea6c-02bf-494d-83b5-ae479050d180}
1397513191158	Marionette	INFO	sendToClient: {"from":"0","value":{"ELEMENT":"{bfebb223-393f-1543-98f0-91e4de9847b9}"}}, {f469a3f0-adcc-3f47-8d35-55aed34f2367}, {f469a3f0-adcc-3f47-8d35-55aed34f2367}
1397513191166	Marionette	INFO	sendToClient: {"from":"0","value":"should navigate to call/{token} when network disconnects\n‣"}, {0bbe7cb8-d3e5-7540-99df-e1a095bf11da}, {0bbe7cb8-d3e5-7540-99df-e1a095bf11da}
1397513191167	Marionette	INFO	sendToClient: {"from":"0","value":{"ELEMENT":"{ac8fb1f0-c5e8-3547-83f7-aa167f1344e2}"}}, {b6ff2994-9733-6a42-a941-cbbbc52b8e00}, {b6ff2994-9733-6a42-a941-cbbbc52b8e00}
1397513191171	Marionette	INFO	sendToClient: {"from":"0","value":"navigator.mozSocial.getStrings is not a function\ngetL10nData@http://localhost:2222/browser/components/loop/content/libs/l10n.js:13:1\ntranslateString@http://localhost:2222/browser/components/loop/content/libs/l10n.js:32:1\nloop.conversation</ConversationRouter<._onNetworkDisconnected@http://localhost:2222/browser/components/loop/content/js/conversation.js:105:7\nf@http://localhost:2222/browser/components/loop/content/shared/libs/backbone-1.1.2.js:8:2106\ne.Events.trigger@http://localhost:2222/browser/components/loop/content/shared/libs/backbone-1.1.2.js:8:1452\n@http://localhost:2222/browser/components/loop/test/desktop-local/conversation_test.js:181:11\nRunnable.prototype.run@http://localhost:2222/browser/components/loop/test/shared/vendor/mocha-1.17.1.js:4336:24\nRunner.prototype.runTest@http://localhost:2222/browser/components/loop/test/shared/vendor/mocha-1.17.1.js:4724:5\nnext/<@http://localhost:2222/browser/components/loop/test/shared/vendor/mocha-1.17.1.js:4802:7\nnext@http://localhost:2222/browser/components/loop/test/shared/vendor/mocha-1.17.1.js:4649:7\nnext/<@http://localhost:2222/browser/components/loop/test/shared/vendor/mocha-1.17.1.js:4659:7\nnext@http://localhost:2222/browser/components/loop/test/shared/vendor/mocha-1.17.1.js:4597:16\nnext/<@http://localhost:2222/browser/components/loop/test/shared/vendor/mocha-1.17.1.js:4621:7\nRunnable.prototype.run@http://localhost:2222/browser/components/loop/test/shared/vendor/mocha-1.17.1.js:4338:5\nnext@http://localhost:2222/browser/components/loop/test/shared/vendor/mocha-1.17.1.js:4609:5\nRunner.prototype.hook/<@http://localhost:2222/browser/components/loop/test/shared/vendor/mocha-1.17.1.js:4626:5\ntimeslice@http://localhost:2222/browser/components/loop/test/shared/vendor/mocha-1.17.1.js:5733:5"}, {2330d8a4-79ad-bf41-b6f1-4631a1d3296d}, {2330d8a4-79ad-bf41-b6f1-4631a1d3296d}
1397513191172	Marionette	INFO	sendToClient: {"from":"0","value":{"ELEMENT":"{b22e12e3-51f3-7043-8d21-b69594ff29b2}"}}, {fd91a45f-d5fe-b845-a563-b6605d29f542}, {fd91a45f-d5fe-b845-a563-b6605d29f542}
1397513191178	Marionette	INFO	sendToClient: {"from":"0","value":"should request a call url to the server\n‣"}, {794f0e4d-5722-2e4e-b34e-406ac9cf0793}, {794f0e4d-5722-2e4e-b34e-406ac9cf0793}
1397513191179	Marionette	INFO	sendToClient: {"from":"0","value":{"ELEMENT":"{a5c2c103-1d89-9a4e-9b32-a70e3f7a0d92}"}}, {77b00fa4-9289-4146-b41a-52c2c6d95e5c}, {77b00fa4-9289-4146-b41a-52c2c6d95e5c}
1397513191183	Marionette	INFO	sendToClient: {"from":"0","value":"TypeError: navigator.mozSocial.getLocale is not a function (http://localhost:2222/browser/components/loop/content/libs/l10n.js:83)\nprocess.on/global.onerror@http://localhost:2222/browser/components/loop/test/shared/vendor/mocha-1.17.1.js:5708:7"}, {e023eacf-3552-154e-a082-db0a485b92c2}, {e023eacf-3552-154e-a082-db0a485b92c2}
1397513191184	Marionette	INFO	sendToClient: {"from":"0","value":{"ELEMENT":"{6ebcc812-c6e1-354e-80cd-a468168a9606}"}}, {eef9ab5c-2acd-ad4b-994b-1b7d8f9777a4}, {eef9ab5c-2acd-ad4b-994b-1b7d8f9777a4}
1397513191190	Marionette	INFO	sendToClient: {"from":"0","value":"should update the text field with the call url\n‣"}, {fdaaf6c3-2c52-5741-b84a-629db4663983}, {fdaaf6c3-2c52-5741-b84a-629db4663983}
1397513191191	Marionette	INFO	sendToClient: {"from":"0","value":{"ELEMENT":"{f4373f75-74c2-6443-a176-0cfa39f2173f}"}}, {7fcfda7b-04bf-6a4f-bc9b-716ae28d57d4}, {7fcfda7b-04bf-6a4f-bc9b-716ae28d57d4}
1397513191194	Marionette	INFO	sendToClient: {"from":"0","value":"navigator.mozSocial.getStrings is not a function\ngetL10nData@http://localhost:2222/browser/components/loop/content/libs/l10n.js:13:1\ntranslateString@http://localhost:2222/browser/components/loop/content/libs/l10n.js:32:1\nloop.panel</PanelView<.onCallUrlReceived@http://localhost:2222/browser/components/loop/content/js/panel.js:67:7\n@http://localhost:2222/browser/components/loop/test/desktop-local/panel_test.js:87:9\nRunnable.prototype.run@http://localhost:2222/browser/components/loop/test/shared/vendor/mocha-1.17.1.js:4336:24\nRunner.prototype.runTest@http://localhost:2222/browser/components/loop/test/shared/vendor/mocha-1.17.1.js:4724:5\nnext/<@http://localhost:2222/browser/components/loop/test/shared/vendor/mocha-1.17.1.js:4802:7\nnext@http://localhost:2222/browser/components/loop/test/shared/vendor/mocha-1.17.1.js:4649:7\nnext/<@http://localhost:2222/browser/components/loop/test/shared/vendor/mocha-1.17.1.js:4659:7\nnext@http://localhost:2222/browser/components/loop/test/shared/vendor/mocha-1.17.1.js:4597:16\nRunner.prototype.hook/<@http://localhost:2222/browser/components/loop/test/shared/vendor/mocha-1.17.1.js:4626:5\ntimeslice@http://localhost:2222/browser/components/loop/test/shared/vendor/mocha-1.17.1.js:5733:5"}, {e0cd2273-e5de-5243-aa37-9314c628f9fe}, {e0cd2273-e5de-5243-aa37-9314c628f9fe}
1397513191196	Marionette	INFO	sendToClient: {"from":"0","value":{"ELEMENT":"{a6140f72-d4f5-4d4e-b8a9-418147690a52}"}}, {301a2a0c-e845-3d42-a3bb-68109890334f}, {301a2a0c-e845-3d42-a3bb-68109890334f}
1397513191201	Marionette	INFO	sendToClient: {"from":"0","value":"should update the text field with the call url\n‣"}, {73986ee1-3de1-5b4a-97fc-f9c01832dd12}, {73986ee1-3de1-5b4a-97fc-f9c01832dd12}
1397513191202	Marionette	INFO	sendToClient: {"from":"0","value":{"ELEMENT":"{2b9e0eeb-b874-a042-bfde-93ce5439dbaa}"}}, {adebc1c5-5f8e-de44-a34b-8895b904b6fc}, {adebc1c5-5f8e-de44-a34b-8895b904b6fc}
1397513191206	Marionette	INFO	sendToClient: {"from":"0","value":"navigator.mozSocial.getStrings is not a function\ngetL10nData@http://localhost:2222/browser/components/loop/content/libs/l10n.js:13:1\ntranslateString@http://localhost:2222/browser/components/loop/content/libs/l10n.js:32:1\nloop.panel</PanelView<.onCallUrlReceived@http://localhost:2222/browser/components/loop/content/js/panel.js:67:7\n@http://localhost:2222/browser/components/loop/test/desktop-local/panel_test.js:87:9\nRunnable.prototype.run@http://localhost:2222/browser/components/loop/test/shared/vendor/mocha-1.17.1.js:4336:24\nRunner.prototype.runTest@http://localhost:2222/browser/components/loop/test/shared/vendor/mocha-1.17.1.js:4724:5\nnext/<@http://localhost:2222/browser/components/loop/test/shared/vendor/mocha-1.17.1.js:4802:7\nnext@http://localhost:2222/browser/components/loop/test/shared/vendor/mocha-1.17.1.js:4649:7\nnext/<@http://localhost:2222/browser/components/loop/test/shared/vendor/mocha-1.17.1.js:4659:7\nnext@http://localhost:2222/browser/components/loop/test/shared/vendor/mocha-1.17.1.js:4597:16\nnext/<@http://localhost:2222/browser/components/loop/test/shared/vendor/mocha-1.17.1.js:4621:7\nRunnable.prototype.run@http://localhost:2222/browser/components/loop/test/shared/vendor/mocha-1.17.1.js:4338:5\nnext@http://localhost:2222/browser/components/loop/test/shared/vendor/mocha-1.17.1.js:4609:5\nRunner.prototype.hook/<@http://localhost:2222/browser/components/loop/test/shared/vendor/mocha-1.17.1.js:4626:5\ntimeslice@http://localhost:2222/browser/components/loop/test/shared/vendor/mocha-1.17.1.js:5733:5"}, {03d82b17-1bb4-4144-a45a-558f844e010b}, {03d82b17-1bb4-4144-a45a-558f844e010b}
1397513191207	Marionette	INFO	sendToClient: {"from":"0","value":{"ELEMENT":"{9fdd16c4-1bee-be4c-af5d-c5755033a1c7}"}}, {6c1429c7-432b-5144-a7ed-9bd5531077f2}, {6c1429c7-432b-5144-a7ed-9bd5531077f2}
1397513191211	Marionette	INFO	sendToClient: {"from":"0","value":"should reset all pending notifications\n‣"}, {eb1cdca8-807d-604c-b8c0-cb7958070868}, {eb1cdca8-807d-604c-b8c0-cb7958070868}
1397513191213	Marionette	INFO	sendToClient: {"from":"0","value":{"ELEMENT":"{cf04a67a-0bd3-6146-94ae-1367815332e0}"}}, {49b0a913-ea06-e74f-9a1b-8cceae9a0886}, {49b0a913-ea06-e74f-9a1b-8cceae9a0886}
1397513191216	Marionette	INFO	sendToClient: {"from":"0","value":"navigator.mozSocial.getStrings is not a function\ngetL10nData@http://localhost:2222/browser/components/loop/content/libs/l10n.js:13:1\ntranslateString@http://localhost:2222/browser/components/loop/content/libs/l10n.js:32:1\nloop.panel</PanelView<.onCallUrlReceived@http://localhost:2222/browser/components/loop/content/js/panel.js:67:7\n@http://localhost:2222/browser/components/loop/test/desktop-local/panel_test.js:96:9\nRunnable.prototype.run@http://localhost:2222/browser/components/loop/test/shared/vendor/mocha-1.17.1.js:4336:24\nRunner.prototype.runTest@http://localhost:2222/browser/components/loop/test/shared/vendor/mocha-1.17.1.js:4724:5\nnext/<@http://localhost:2222/browser/components/loop/test/shared/vendor/mocha-1.17.1.js:4802:7\nnext@http://localhost:2222/browser/components/loop/test/shared/vendor/mocha-1.17.1.js:4649:7\nnext/<@http://localhost:2222/browser/components/loop/test/shared/vendor/mocha-1.17.1.js:4659:7\nnext@http://localhost:2222/browser/components/loop/test/shared/vendor/mocha-1.17.1.js:4597:16\nnext/<@http://localhost:2222/browser/components/loop/test/shared/vendor/mocha-1.17.1.js:4621:7\nRunnable.prototype.run@http://localhost:2222/browser/components/loop/test/shared/vendor/mocha-1.17.1.js:4338:5\nnext@http://localhost:2222/browser/components/loop/test/shared/vendor/mocha-1.17.1.js:4609:5\nRunner.prototype.hook/<@http://localhost:2222/browser/components/loop/test/shared/vendor/mocha-1.17.1.js:4626:5\ntimeslice@http://localhost:2222/browser/components/loop/test/shared/vendor/mocha-1.17.1.js:5733:5"}, {f6e97c71-e9c0-c748-bd63-3c7f033e22b0}, {f6e97c71-e9c0-c748-bd63-3c7f033e22b0}
1397513191217	Marionette	DEBUG	Got request: setContext, data: {"to":"0","sessionId":{"rotatable":false,"browserVersion":"31.0a1","takesScreenshot":true,"appBuildId":"20140414145327","cssSelectorsEnabled":true,"javascriptEnabled":true,"XULappId":"{ec8030f7-c20a-464f-9b0e-13a3a9e97384}","secureSsl":false,"platform":"DARWIN","browserName":"Firefox","version":"31.0a1","device":"desktop","nativeEvents":false,"platformVersion":"31.0a1","takesElementScreenshot":true,"platformName":"DARWIN","handlesAlerts":false},"name":"setContext","parameters":{"value":"content"}}, id: {06f043cb-5ff7-5c47-bc05-793f1d9841a9}
1397513191217	Marionette	INFO	sendToClient: {"from":"0","ok":true}, {06f043cb-5ff7-5c47-bc05-793f1d9841a9}, {06f043cb-5ff7-5c47-bc05-793f1d9841a9}
1397513191218	Marionette	DEBUG	Got request: execute, data: {"to":"0","sessionId":{"rotatable":false,"browserVersion":"31.0a1","takesScreenshot":true,"appBuildId":"20140414145327","cssSelectorsEnabled":true,"javascriptEnabled":true,"XULappId":"{ec8030f7-c20a-464f-9b0e-13a3a9e97384}","secureSsl":false,"platform":"DARWIN","browserName":"Firefox","version":"31.0a1","device":"desktop","nativeEvents":false,"platformVersion":"31.0a1","takesElementScreenshot":true,"platformName":"DARWIN","handlesAlerts":false},"name":"executeScript","parameters":{"scriptTimeout":null,"specialPowers":false,"script":"log('TEST-END: /Users/dmose/r/abr-gecko-dev/browser/components/loop/test/desktop-local/test_desktop_all.py:test_units')","newSandbox":true,"args":[],"filename":"marionette_test.py","line":341}}, id: {47cbe9e3-ac0e-9848-b64d-72d0292766d5}
MARIONETTE LOG: INFO: TEST-END: /Users/dmose/r/abr-gecko-dev/browser/components/loop/test/desktop-local/test_desktop_all.py:test_units
1397513191220	Marionette	INFO	sendToClient: {"from":"0","value":null}, {47cbe9e3-ac0e-9848-b64d-72d0292766d5}, {47cbe9e3-ac0e-9848-b64d-72d0292766d5}
1397513191221	Marionette	DEBUG	Got request: setTestName, data: {"to":"0","sessionId":{"rotatable":false,"browserVersion":"31.0a1","takesScreenshot":true,"appBuildId":"20140414145327","cssSelectorsEnabled":true,"javascriptEnabled":true,"XULappId":"{ec8030f7-c20a-464f-9b0e-13a3a9e97384}","secureSsl":false,"platform":"DARWIN","browserName":"Firefox","version":"31.0a1","device":"desktop","nativeEvents":false,"platformVersion":"31.0a1","takesElementScreenshot":true,"platformName":"DARWIN","handlesAlerts":false},"name":"setTestName","parameters":{"value":null}}, id: {354b1bea-1f28-9c44-88dd-f9f2f548c63d}
1397513191221	Marionette	INFO	sendToClient: {"from":"0","ok":true}, {354b1bea-1f28-9c44-88dd-f9f2f548c63d}, {354b1bea-1f28-9c44-88dd-f9f2f548c63d}
1397513191222	Marionette	INFO	sendToClient: {"from":"0","value":[["INFO","TEST-START: /Users/dmose/r/abr-gecko-dev/browser/components/loop/test/desktop-local/test_desktop_all.py:test_units","Mon Apr 14 2014 15:06:30 GMT-0700 (PDT)"],["INFO","TEST-END: /Users/dmose/r/abr-gecko-dev/browser/components/loop/test/desktop-local/test_desktop_all.py:test_units","Mon Apr 14 2014 15:06:31 GMT-0700 (PDT)"]]}, {9f980abc-24e5-614a-9ca5-f2a49d9e132c}, {9f980abc-24e5-614a-9ca5-f2a49d9e132c}
[41342] WARNING: NS_ENSURE_TRUE(mMutable) failed: file /Users/dmose/r/abr-gecko-dev/netwerk/base/src/nsSimpleURI.cpp, line 265
1397513191249	Marionette	INFO	sendToClient: {"from":"0","ok":true}, {5c48f157-f0f1-ab4e-8057-014adf741d43}, {5c48f157-f0f1-ab4e-8057-014adf741d43}
[41342] WARNING: NS_ENSURE_SUCCESS(rv, rv) failed with result 0x80520012: file /Users/dmose/r/abr-gecko-dev/netwerk/base/src/nsFileStreams.cpp, line 203
[41342] WARNING: NS_ENSURE_SUCCESS(rv, rv) failed with result 0x80520012: file /Users/dmose/r/abr-gecko-dev/netwerk/base/src/nsFileStreams.cpp, line 475
[41342] WARNING: NS_ENSURE_SUCCESS(rv, rv) failed with result 0x80520012: file /Users/dmose/r/abr-gecko-dev/netwerk/base/src/nsFileStreams.cpp, line 203
[41342] WARNING: NS_ENSURE_SUCCESS(rv, rv) failed with result 0x80520012: file /Users/dmose/r/abr-gecko-dev/netwerk/base/src/nsFileStreams.cpp, line 475
